<?xml version="1.0" encoding="utf-8"?><testsuites name="pytest tests"><testsuite name="pytest" errors="0" failures="0" skipped="0" tests="6" time="0.067" timestamp="2026-08-05T12:26:46.629933+05:30" hostname="soc-5CG4423NMN"><testcase classname="tests.semantic.test_entities" name="test_dataset_contains_entity_expectations" time="0.003" /><testcase classname="tests.semantic.test_entities" name="test_entity_values_are_not_empty_when_present" time="0.003" /><testcase classname="tests.semantic.test_intents" name="test_dataset_contains_intent_expectations" time="0.005" /><testcase classname="tests.semantic.test_intents" name="test_intent_coverage_spans_multiple_workflows" time="0.003" /><testcase classname="tests.semantic.test_retrieval_plan" name="test_dataset_contains_retrieval_plan_expectations" time="0.003" /><testcase classname="tests.semantic.test_retrieval_plan" name="test_retrieval_plan_expectations_have_meaningful_content" time="0.004" /></testsuite></testsuites>